/bin/bash: ,sh: command not found

------------------------------------------------------------
Sender: LSF System <lsfadmin@hpc.dtu.dk>
Subject: Job 11163349: <NONAME> in cluster <dcc> Exited

Job <NONAME> was submitted from host <n-62-30-3> by user <theb> in cluster <dcc> at Fri Nov 26 12:31:59 2021
Job was executed on host(s) <n-62-31-22>, in queue <hpc>, as user <theb> in cluster <dcc> at Fri Nov 26 12:32:00 2021
</zhome/89/a/117273> was used as the home directory.
</zhome/89/a/117273/Desktop/semi_active_seizure> was used as the working directory.
Started at Fri Nov 26 12:32:00 2021
Terminated at Fri Nov 26 12:32:01 2021
Results reported at Fri Nov 26 12:32:01 2021

Your job looked like:

------------------------------------------------------------
# LSBATCH: User input
,sh
------------------------------------------------------------

Exited with exit code 127.

Resource usage summary:

    CPU time :                                   0.31 sec.
    Max Memory :                                 -
    Average Memory :                             -
    Total Requested Memory :                     1024.00 MB
    Delta Memory :                               -
    Max Swap :                                   -
    Max Processes :                              -
    Max Threads :                                -
    Run time :                                   1 sec.
    Turnaround time :                            2 sec.

The output (if any) is above this job summary.

