/bin/bash: $: command not found

------------------------------------------------------------
Sender: LSF System <lsfadmin@hpc.dtu.dk>
Subject: Job 12646431: <NONAME> in cluster <dcc> Exited

Job <NONAME> was submitted from host <n-62-27-22> by user <theb> in cluster <dcc> at Mon Feb 14 09:10:02 2022
Job was executed on host(s) <n-62-31-1>, in queue <hpc>, as user <theb> in cluster <dcc> at Mon Feb 14 09:10:03 2022
</zhome/89/a/117273> was used as the home directory.
</zhome/89/a/117273/Desktop/semi_active_seizure> was used as the working directory.
Started at Mon Feb 14 09:10:03 2022
Terminated at Mon Feb 14 09:10:03 2022
Results reported at Mon Feb 14 09:10:03 2022

Your job looked like:

------------------------------------------------------------
# LSBATCH: User input
$
------------------------------------------------------------

Exited with exit code 127.

Resource usage summary:

    CPU time :                                   0.24 sec.
    Max Memory :                                 -
    Average Memory :                             -
    Total Requested Memory :                     1024.00 MB
    Delta Memory :                               -
    Max Swap :                                   -
    Max Processes :                              -
    Max Threads :                                -
    Run time :                                   92 sec.
    Turnaround time :                            1 sec.

The output (if any) is above this job summary.

