Runnin script...
done loading packages
Initialising training dataset.
Trying to load segmentation from disk.
Segmentation not computed, starting computation of segmentation.
Segmenting data for subject 1 out of 23
Segmenting data for subject 2 out of 23
Segmenting data for subject 3 out of 23
Segmenting data for subject 4 out of 23
Segmenting data for subject 5 out of 23
Segmenting data for subject 6 out of 23
Segmenting data for subject 7 out of 23
Segmenting data for subject 8 out of 23
Segmenting data for subject 9 out of 23
Segmenting data for subject 10 out of 23
Segmenting data for subject 11 out of 23
Segmenting data for subject 12 out of 23
Segmenting data for subject 13 out of 23
Segmenting data for subject 14 out of 23
Segmenting data for subject 15 out of 23
Segmenting data for subject 16 out of 23
Segmenting data for subject 17 out of 23
Segmenting data for subject 18 out of 23
Segmenting data for subject 19 out of 23
Segmenting data for subject 20 out of 23
Segmenting data for subject 21 out of 23
Segmenting data for subject 22 out of 23
Segmenting data for subject 23 out of 23
Starting prefetch of data from segmentation...
Prefetching segment 1000 out of 1581347
Prefetching segment 2000 out of 1581347
Prefetching segment 3000 out of 1581347
Prefetching segment 4000 out of 1581347
Prefetching segment 5000 out of 1581347
Prefetching segment 6000 out of 1581347
Prefetching segment 7000 out of 1581347
Prefetching segment 8000 out of 1581347
Prefetching segment 9000 out of 1581347
Prefetching segment 10000 out of 1581347
Prefetching segment 11000 out of 1581347
Prefetching segment 12000 out of 1581347
Prefetching segment 13000 out of 1581347
Prefetching segment 14000 out of 1581347
Prefetching segment 15000 out of 1581347
Prefetching segment 16000 out of 1581347
Prefetching segment 17000 out of 1581347
Prefetching segment 18000 out of 1581347
Prefetching segment 19000 out of 1581347
Prefetching segment 20000 out of 1581347
Prefetching segment 21000 out of 1581347
Prefetching segment 22000 out of 1581347
Prefetching segment 23000 out of 1581347
Prefetching segment 24000 out of 1581347
Prefetching segment 25000 out of 1581347
Prefetching segment 26000 out of 1581347
Prefetching segment 27000 out of 1581347
Prefetching segment 28000 out of 1581347
Prefetching segment 29000 out of 1581347
Prefetching segment 30000 out of 1581347
Prefetching segment 31000 out of 1581347
Prefetching segment 32000 out of 1581347
Prefetching segment 33000 out of 1581347
Prefetching segment 34000 out of 1581347
Prefetching segment 35000 out of 1581347
Prefetching segment 36000 out of 1581347
Prefetching segment 37000 out of 1581347
Prefetching segment 38000 out of 1581347
Prefetching segment 39000 out of 1581347
Prefetching segment 40000 out of 1581347
Prefetching segment 41000 out of 1581347
Prefetching segment 42000 out of 1581347
Prefetching segment 43000 out of 1581347
Prefetching segment 44000 out of 1581347
Prefetching segment 45000 out of 1581347
Prefetching segment 46000 out of 1581347
Prefetching segment 47000 out of 1581347
Prefetching segment 48000 out of 1581347
Prefetching segment 49000 out of 1581347
Prefetching segment 50000 out of 1581347
Prefetching segment 51000 out of 1581347
Prefetching segment 52000 out of 1581347
Prefetching segment 53000 out of 1581347
Prefetching segment 54000 out of 1581347
Prefetching segment 55000 out of 1581347
Prefetching segment 56000 out of 1581347
Prefetching segment 57000 out of 1581347
Prefetching segment 58000 out of 1581347
Prefetching segment 59000 out of 1581347
Prefetching segment 60000 out of 1581347
Prefetching segment 61000 out of 1581347
Prefetching segment 62000 out of 1581347
Prefetching segment 63000 out of 1581347
Prefetching segment 64000 out of 1581347
Prefetching segment 65000 out of 1581347
Prefetching segment 66000 out of 1581347
Prefetching segment 67000 out of 1581347
Prefetching segment 68000 out of 1581347
Prefetching segment 69000 out of 1581347
Prefetching segment 70000 out of 1581347
Prefetching segment 71000 out of 1581347
Prefetching segment 72000 out of 1581347
Prefetching segment 73000 out of 1581347
Prefetching segment 74000 out of 1581347
Prefetching segment 75000 out of 1581347
Prefetching segment 76000 out of 1581347
Prefetching segment 77000 out of 1581347
Prefetching segment 78000 out of 1581347
Prefetching segment 79000 out of 1581347
Prefetching segment 80000 out of 1581347
Prefetching segment 81000 out of 1581347
Prefetching segment 82000 out of 1581347
Prefetching segment 83000 out of 1581347
Prefetching segment 84000 out of 1581347
Prefetching segment 85000 out of 1581347
Prefetching segment 86000 out of 1581347
Prefetching segment 87000 out of 1581347
Prefetching segment 88000 out of 1581347
Prefetching segment 89000 out of 1581347
Prefetching segment 90000 out of 1581347
Prefetching segment 91000 out of 1581347
Prefetching segment 92000 out of 1581347
Prefetching segment 93000 out of 1581347
Prefetching segment 94000 out of 1581347
Prefetching segment 95000 out of 1581347
Prefetching segment 96000 out of 1581347
Prefetching segment 97000 out of 1581347
Prefetching segment 98000 out of 1581347
Prefetching segment 99000 out of 1581347
Prefetching segment 100000 out of 1581347
Prefetching segment 101000 out of 1581347
Prefetching segment 102000 out of 1581347
Prefetching segment 103000 out of 1581347
Prefetching segment 104000 out of 1581347
Prefetching segment 105000 out of 1581347
Prefetching segment 106000 out of 1581347
Prefetching segment 107000 out of 1581347
Prefetching segment 108000 out of 1581347
Prefetching segment 109000 out of 1581347
Prefetching segment 110000 out of 1581347
Prefetching segment 111000 out of 1581347
Prefetching segment 112000 out of 1581347
Prefetching segment 113000 out of 1581347
Prefetching segment 114000 out of 1581347
Prefetching segment 115000 out of 1581347
Prefetching segment 116000 out of 1581347
Prefetching segment 117000 out of 1581347
Prefetching segment 118000 out of 1581347
Prefetching segment 119000 out of 1581347
Prefetching segment 120000 out of 1581347
Prefetching segment 121000 out of 1581347
Prefetching segment 122000 out of 1581347
Prefetching segment 123000 out of 1581347
Prefetching segment 124000 out of 1581347
Prefetching segment 125000 out of 1581347
Prefetching segment 126000 out of 1581347
Prefetching segment 127000 out of 1581347
Prefetching segment 128000 out of 1581347
Prefetching segment 129000 out of 1581347
Prefetching segment 130000 out of 1581347
Prefetching segment 131000 out of 1581347
Prefetching segment 132000 out of 1581347
Prefetching segment 133000 out of 1581347
Prefetching segment 134000 out of 1581347
Prefetching segment 135000 out of 1581347
Prefetching segment 136000 out of 1581347
Prefetching segment 137000 out of 1581347
Prefetching segment 138000 out of 1581347
Prefetching segment 139000 out of 1581347
Prefetching segment 140000 out of 1581347
Prefetching segment 141000 out of 1581347
Prefetching segment 142000 out of 1581347
Prefetching segment 143000 out of 1581347
Prefetching segment 144000 out of 1581347
Prefetching segment 145000 out of 1581347
Prefetching segment 146000 out of 1581347
Prefetching segment 147000 out of 1581347
Prefetching segment 148000 out of 1581347
Prefetching segment 149000 out of 1581347
Prefetching segment 150000 out of 1581347
Prefetching segment 151000 out of 1581347
Prefetching segment 152000 out of 1581347
Prefetching segment 153000 out of 1581347
Prefetching segment 154000 out of 1581347
Prefetching segment 155000 out of 1581347
Prefetching segment 156000 out of 1581347
Prefetching segment 157000 out of 1581347
Prefetching segment 158000 out of 1581347
Prefetching segment 159000 out of 1581347
Prefetching segment 160000 out of 1581347
Prefetching segment 161000 out of 1581347
Prefetching segment 162000 out of 1581347
Prefetching segment 163000 out of 1581347
Prefetching segment 164000 out of 1581347
Prefetching segment 165000 out of 1581347
Prefetching segment 166000 out of 1581347
Prefetching segment 167000 out of 1581347
Prefetching segment 168000 out of 1581347
Prefetching segment 169000 out of 1581347
Prefetching segment 170000 out of 1581347
Prefetching segment 171000 out of 1581347
Prefetching segment 172000 out of 1581347
Prefetching segment 173000 out of 1581347
Prefetching segment 174000 out of 1581347
Prefetching segment 175000 out of 1581347
Prefetching segment 176000 out of 1581347
Prefetching segment 177000 out of 1581347
Prefetching segment 178000 out of 1581347
Prefetching segment 179000 out of 1581347
Prefetching segment 180000 out of 1581347
Prefetching segment 181000 out of 1581347
Prefetching segment 182000 out of 1581347
Prefetching segment 183000 out of 1581347
Prefetching segment 184000 out of 1581347
Prefetching segment 185000 out of 1581347
Prefetching segment 186000 out of 1581347
Prefetching segment 187000 out of 1581347
Prefetching segment 188000 out of 1581347
Prefetching segment 189000 out of 1581347
Prefetching segment 190000 out of 1581347
Prefetching segment 191000 out of 1581347
Prefetching segment 192000 out of 1581347
Prefetching segment 193000 out of 1581347
Prefetching segment 194000 out of 1581347
Prefetching segment 195000 out of 1581347
Prefetching segment 196000 out of 1581347
Prefetching segment 197000 out of 1581347
Prefetching segment 198000 out of 1581347
Prefetching segment 199000 out of 1581347
Prefetching segment 200000 out of 1581347
Prefetching segment 201000 out of 1581347
Prefetching segment 202000 out of 1581347
Prefetching segment 203000 out of 1581347
Prefetching segment 204000 out of 1581347
Prefetching segment 205000 out of 1581347
Prefetching segment 206000 out of 1581347
Prefetching segment 207000 out of 1581347
Prefetching segment 208000 out of 1581347
Prefetching segment 209000 out of 1581347
Prefetching segment 210000 out of 1581347
Prefetching segment 211000 out of 1581347
Prefetching segment 212000 out of 1581347
Prefetching segment 213000 out of 1581347
Prefetching segment 214000 out of 1581347
Prefetching segment 215000 out of 1581347
Prefetching segment 216000 out of 1581347
Prefetching segment 217000 out of 1581347
Prefetching segment 218000 out of 1581347
Prefetching segment 219000 out of 1581347
Prefetching segment 220000 out of 1581347
Prefetching segment 221000 out of 1581347
Prefetching segment 222000 out of 1581347
Prefetching segment 223000 out of 1581347
Prefetching segment 224000 out of 1581347
Prefetching segment 225000 out of 1581347
Prefetching segment 226000 out of 1581347
Prefetching segment 227000 out of 1581347
Prefetching segment 228000 out of 1581347
Prefetching segment 229000 out of 1581347
Prefetching segment 230000 out of 1581347
Prefetching segment 231000 out of 1581347
Prefetching segment 232000 out of 1581347
Prefetching segment 233000 out of 1581347
Prefetching segment 234000 out of 1581347
Prefetching segment 235000 out of 1581347
Prefetching segment 236000 out of 1581347
Prefetching segment 237000 out of 1581347
Prefetching segment 238000 out of 1581347
Prefetching segment 239000 out of 1581347
Prefetching segment 240000 out of 1581347
Prefetching segment 241000 out of 1581347
Prefetching segment 242000 out of 1581347
Prefetching segment 243000 out of 1581347
Prefetching segment 244000 out of 1581347
Prefetching segment 245000 out of 1581347
Prefetching segment 246000 out of 1581347
Prefetching segment 247000 out of 1581347
Prefetching segment 248000 out of 1581347
Prefetching segment 249000 out of 1581347
Prefetching segment 250000 out of 1581347
Prefetching segment 251000 out of 1581347
Prefetching segment 252000 out of 1581347
Prefetching segment 253000 out of 1581347
Prefetching segment 254000 out of 1581347
Prefetching segment 255000 out of 1581347
Prefetching segment 256000 out of 1581347
Prefetching segment 257000 out of 1581347
Prefetching segment 258000 out of 1581347
Prefetching segment 259000 out of 1581347
Prefetching segment 260000 out of 1581347
Prefetching segment 261000 out of 1581347
Prefetching segment 262000 out of 1581347
Prefetching segment 263000 out of 1581347
Prefetching segment 264000 out of 1581347
Prefetching segment 265000 out of 1581347
Prefetching segment 266000 out of 1581347
Prefetching segment 267000 out of 1581347
Prefetching segment 268000 out of 1581347
Prefetching segment 269000 out of 1581347
Prefetching segment 270000 out of 1581347
Prefetching segment 271000 out of 1581347
Prefetching segment 272000 out of 1581347
Prefetching segment 273000 out of 1581347
Prefetching segment 274000 out of 1581347
Prefetching segment 275000 out of 1581347
Prefetching segment 276000 out of 1581347
Prefetching segment 277000 out of 1581347
Prefetching segment 278000 out of 1581347
Prefetching segment 279000 out of 1581347
Prefetching segment 280000 out of 1581347
Prefetching segment 281000 out of 1581347
Prefetching segment 282000 out of 1581347
Prefetching segment 283000 out of 1581347
Prefetching segment 284000 out of 1581347
Prefetching segment 285000 out of 1581347
Prefetching segment 286000 out of 1581347
Prefetching segment 287000 out of 1581347
Prefetching segment 288000 out of 1581347
Prefetching segment 289000 out of 1581347
Prefetching segment 290000 out of 1581347
Prefetching segment 291000 out of 1581347
Prefetching segment 292000 out of 1581347
Prefetching segment 293000 out of 1581347
Prefetching segment 294000 out of 1581347
Prefetching segment 295000 out of 1581347
Prefetching segment 296000 out of 1581347
Prefetching segment 297000 out of 1581347
Prefetching segment 298000 out of 1581347
Prefetching segment 299000 out of 1581347
Prefetching segment 300000 out of 1581347
Prefetching segment 301000 out of 1581347
Prefetching segment 302000 out of 1581347
Prefetching segment 303000 out of 1581347
Prefetching segment 304000 out of 1581347
Prefetching segment 305000 out of 1581347
Prefetching segment 306000 out of 1581347
Prefetching segment 307000 out of 1581347
Prefetching segment 308000 out of 1581347
Prefetching segment 309000 out of 1581347
Prefetching segment 310000 out of 1581347
Prefetching segment 311000 out of 1581347
Prefetching segment 312000 out of 1581347
Prefetching segment 313000 out of 1581347
Prefetching segment 314000 out of 1581347
Prefetching segment 315000 out of 1581347
Prefetching segment 316000 out of 1581347
Prefetching segment 317000 out of 1581347
Prefetching segment 318000 out of 1581347
Prefetching segment 319000 out of 1581347
Prefetching segment 320000 out of 1581347
Prefetching segment 321000 out of 1581347
Prefetching segment 322000 out of 1581347
Prefetching segment 323000 out of 1581347
Prefetching segment 324000 out of 1581347
Prefetching segment 325000 out of 1581347
Prefetching segment 326000 out of 1581347
Prefetching segment 327000 out of 1581347
Prefetching segment 328000 out of 1581347
Prefetching segment 329000 out of 1581347
Prefetching segment 330000 out of 1581347
Prefetching segment 331000 out of 1581347
Prefetching segment 332000 out of 1581347
Prefetching segment 333000 out of 1581347
Prefetching segment 334000 out of 1581347
Prefetching segment 335000 out of 1581347
Prefetching segment 336000 out of 1581347
Prefetching segment 337000 out of 1581347
Prefetching segment 338000 out of 1581347
Prefetching segment 339000 out of 1581347
Prefetching segment 340000 out of 1581347
Prefetching segment 341000 out of 1581347
Prefetching segment 342000 out of 1581347
Prefetching segment 343000 out of 1581347
Prefetching segment 344000 out of 1581347
Prefetching segment 345000 out of 1581347
Prefetching segment 346000 out of 1581347
Prefetching segment 347000 out of 1581347
Prefetching segment 348000 out of 1581347
Prefetching segment 349000 out of 1581347
Prefetching segment 350000 out of 1581347
Prefetching segment 351000 out of 1581347
Prefetching segment 352000 out of 1581347
Prefetching segment 353000 out of 1581347
Prefetching segment 354000 out of 1581347
Prefetching segment 355000 out of 1581347
Prefetching segment 356000 out of 1581347
Prefetching segment 357000 out of 1581347
Prefetching segment 358000 out of 1581347
Prefetching segment 359000 out of 1581347
Prefetching segment 360000 out of 1581347
Prefetching segment 361000 out of 1581347
Prefetching segment 362000 out of 1581347
Prefetching segment 363000 out of 1581347
Prefetching segment 364000 out of 1581347
Prefetching segment 365000 out of 1581347
Prefetching segment 366000 out of 1581347
Prefetching segment 367000 out of 1581347
Prefetching segment 368000 out of 1581347
Prefetching segment 369000 out of 1581347
Prefetching segment 370000 out of 1581347
Prefetching segment 371000 out of 1581347
Prefetching segment 372000 out of 1581347
Prefetching segment 373000 out of 1581347
Prefetching segment 374000 out of 1581347
Prefetching segment 375000 out of 1581347
Prefetching segment 376000 out of 1581347
Prefetching segment 377000 out of 1581347
Prefetching segment 378000 out of 1581347
Prefetching segment 379000 out of 1581347
Prefetching segment 380000 out of 1581347
Prefetching segment 381000 out of 1581347
Prefetching segment 382000 out of 1581347
Prefetching segment 383000 out of 1581347
Prefetching segment 384000 out of 1581347
Prefetching segment 385000 out of 1581347
Prefetching segment 386000 out of 1581347
Prefetching segment 387000 out of 1581347
Prefetching segment 388000 out of 1581347
Prefetching segment 389000 out of 1581347
Prefetching segment 390000 out of 1581347
Prefetching segment 391000 out of 1581347
Prefetching segment 392000 out of 1581347
Prefetching segment 393000 out of 1581347
Prefetching segment 394000 out of 1581347
Prefetching segment 395000 out of 1581347
Prefetching segment 396000 out of 1581347
Prefetching segment 397000 out of 1581347
Prefetching segment 398000 out of 1581347
Prefetching segment 399000 out of 1581347
Prefetching segment 400000 out of 1581347
Prefetching segment 401000 out of 1581347
Prefetching segment 402000 out of 1581347
Prefetching segment 403000 out of 1581347
Prefetching segment 404000 out of 1581347
Prefetching segment 405000 out of 1581347
Prefetching segment 406000 out of 1581347
Prefetching segment 407000 out of 1581347
Prefetching segment 408000 out of 1581347
Prefetching segment 409000 out of 1581347
Prefetching segment 410000 out of 1581347
Prefetching segment 411000 out of 1581347
Prefetching segment 412000 out of 1581347
Prefetching segment 413000 out of 1581347
Prefetching segment 414000 out of 1581347
Prefetching segment 415000 out of 1581347
Prefetching segment 416000 out of 1581347
Prefetching segment 417000 out of 1581347
Prefetching segment 418000 out of 1581347
Prefetching segment 419000 out of 1581347
Prefetching segment 420000 out of 1581347
Prefetching segment 421000 out of 1581347
Prefetching segment 422000 out of 1581347
Prefetching segment 423000 out of 1581347
Prefetching segment 424000 out of 1581347
Prefetching segment 425000 out of 1581347
Prefetching segment 426000 out of 1581347
Prefetching segment 427000 out of 1581347
Prefetching segment 428000 out of 1581347
Prefetching segment 429000 out of 1581347
Prefetching segment 430000 out of 1581347
Prefetching segment 431000 out of 1581347
Prefetching segment 432000 out of 1581347
Prefetching segment 433000 out of 1581347
Prefetching segment 434000 out of 1581347
Prefetching segment 435000 out of 1581347
Prefetching segment 436000 out of 1581347
Prefetching segment 437000 out of 1581347
Prefetching segment 438000 out of 1581347
Prefetching segment 439000 out of 1581347
Prefetching segment 440000 out of 1581347
Prefetching segment 441000 out of 1581347
Prefetching segment 442000 out of 1581347
Prefetching segment 443000 out of 1581347
Prefetching segment 444000 out of 1581347
Prefetching segment 445000 out of 1581347
Prefetching segment 446000 out of 1581347
Prefetching segment 447000 out of 1581347
Prefetching segment 448000 out of 1581347
Prefetching segment 449000 out of 1581347
Prefetching segment 450000 out of 1581347
Prefetching segment 451000 out of 1581347
Prefetching segment 452000 out of 1581347
Prefetching segment 453000 out of 1581347
Prefetching segment 454000 out of 1581347
Prefetching segment 455000 out of 1581347
Prefetching segment 456000 out of 1581347
Prefetching segment 457000 out of 1581347
Prefetching segment 458000 out of 1581347
Prefetching segment 459000 out of 1581347
Prefetching segment 460000 out of 1581347
Prefetching segment 461000 out of 1581347
Prefetching segment 462000 out of 1581347
Prefetching segment 463000 out of 1581347
Prefetching segment 464000 out of 1581347
Prefetching segment 465000 out of 1581347
Prefetching segment 466000 out of 1581347
Prefetching segment 467000 out of 1581347
Prefetching segment 468000 out of 1581347
Prefetching segment 469000 out of 1581347
Prefetching segment 470000 out of 1581347
Prefetching segment 471000 out of 1581347
Prefetching segment 472000 out of 1581347
Prefetching segment 473000 out of 1581347
Prefetching segment 474000 out of 1581347
Prefetching segment 475000 out of 1581347
Prefetching segment 476000 out of 1581347
Prefetching segment 477000 out of 1581347
Prefetching segment 478000 out of 1581347
Prefetching segment 479000 out of 1581347
Prefetching segment 480000 out of 1581347
Prefetching segment 481000 out of 1581347
Prefetching segment 482000 out of 1581347
Prefetching segment 483000 out of 1581347
Prefetching segment 484000 out of 1581347
Prefetching segment 485000 out of 1581347
Prefetching segment 486000 out of 1581347
Prefetching segment 487000 out of 1581347
Prefetching segment 488000 out of 1581347
Prefetching segment 489000 out of 1581347
Prefetching segment 490000 out of 1581347
Prefetching segment 491000 out of 1581347
Prefetching segment 492000 out of 1581347
Prefetching segment 493000 out of 1581347
Prefetching segment 494000 out of 1581347
Prefetching segment 495000 out of 1581347
Prefetching segment 496000 out of 1581347
Prefetching segment 497000 out of 1581347
Prefetching segment 498000 out of 1581347
Prefetching segment 499000 out of 1581347
Prefetching segment 500000 out of 1581347
Prefetching segment 501000 out of 1581347
Prefetching segment 502000 out of 1581347
Prefetching segment 503000 out of 1581347
Prefetching segment 504000 out of 1581347
Prefetching segment 505000 out of 1581347
Prefetching segment 506000 out of 1581347
Prefetching segment 507000 out of 1581347
Prefetching segment 508000 out of 1581347
Prefetching segment 509000 out of 1581347
Prefetching segment 510000 out of 1581347
Prefetching segment 511000 out of 1581347
Prefetching segment 512000 out of 1581347
Prefetching segment 513000 out of 1581347
Prefetching segment 514000 out of 1581347
Prefetching segment 515000 out of 1581347
Prefetching segment 516000 out of 1581347
Prefetching segment 517000 out of 1581347
Prefetching segment 518000 out of 1581347
Prefetching segment 519000 out of 1581347
Prefetching segment 520000 out of 1581347
Prefetching segment 521000 out of 1581347
Prefetching segment 522000 out of 1581347
Prefetching segment 523000 out of 1581347
Prefetching segment 524000 out of 1581347
Prefetching segment 525000 out of 1581347
Prefetching segment 526000 out of 1581347
Prefetching segment 527000 out of 1581347
Prefetching segment 528000 out of 1581347
Prefetching segment 529000 out of 1581347
Prefetching segment 530000 out of 1581347
Prefetching segment 531000 out of 1581347
Prefetching segment 532000 out of 1581347
Prefetching segment 533000 out of 1581347
Prefetching segment 534000 out of 1581347
Prefetching segment 535000 out of 1581347
Prefetching segment 536000 out of 1581347
Prefetching segment 537000 out of 1581347
Prefetching segment 538000 out of 1581347
Prefetching segment 539000 out of 1581347
Prefetching segment 540000 out of 1581347
Prefetching segment 541000 out of 1581347
Prefetching segment 542000 out of 1581347
Prefetching segment 543000 out of 1581347
Prefetching segment 544000 out of 1581347
Prefetching segment 545000 out of 1581347
Prefetching segment 546000 out of 1581347
Prefetching segment 547000 out of 1581347
Prefetching segment 548000 out of 1581347
Prefetching segment 549000 out of 1581347
Prefetching segment 550000 out of 1581347
Prefetching segment 551000 out of 1581347
Prefetching segment 552000 out of 1581347
Prefetching segment 553000 out of 1581347
Prefetching segment 554000 out of 1581347
Prefetching segment 555000 out of 1581347
Prefetching segment 556000 out of 1581347
Prefetching segment 557000 out of 1581347
Prefetching segment 558000 out of 1581347
Prefetching segment 559000 out of 1581347
Prefetching segment 560000 out of 1581347
Prefetching segment 561000 out of 1581347
Prefetching segment 562000 out of 1581347
Prefetching segment 563000 out of 1581347
Prefetching segment 564000 out of 1581347
Prefetching segment 565000 out of 1581347
Prefetching segment 566000 out of 1581347
Prefetching segment 567000 out of 1581347
Prefetching segment 568000 out of 1581347
Prefetching segment 569000 out of 1581347
Prefetching segment 570000 out of 1581347
Prefetching segment 571000 out of 1581347
Prefetching segment 572000 out of 1581347
Prefetching segment 573000 out of 1581347
Prefetching segment 574000 out of 1581347
Prefetching segment 575000 out of 1581347
Prefetching segment 576000 out of 1581347
Prefetching segment 577000 out of 1581347
Prefetching segment 578000 out of 1581347
Prefetching segment 579000 out of 1581347
Prefetching segment 580000 out of 1581347
Prefetching segment 581000 out of 1581347
Prefetching segment 582000 out of 1581347
Prefetching segment 583000 out of 1581347
Prefetching segment 584000 out of 1581347
Prefetching segment 585000 out of 1581347
Prefetching segment 586000 out of 1581347
Prefetching segment 587000 out of 1581347
Prefetching segment 588000 out of 1581347
Prefetching segment 589000 out of 1581347
Prefetching segment 590000 out of 1581347
Prefetching segment 591000 out of 1581347
Prefetching segment 592000 out of 1581347
Prefetching segment 593000 out of 1581347
Prefetching segment 594000 out of 1581347
Prefetching segment 595000 out of 1581347
Prefetching segment 596000 out of 1581347
Prefetching segment 597000 out of 1581347
Prefetching segment 598000 out of 1581347
Prefetching segment 599000 out of 1581347
Prefetching segment 600000 out of 1581347
Prefetching segment 601000 out of 1581347
Prefetching segment 602000 out of 1581347
Prefetching segment 603000 out of 1581347
Prefetching segment 604000 out of 1581347
Prefetching segment 605000 out of 1581347
Prefetching segment 606000 out of 1581347
Prefetching segment 607000 out of 1581347
Prefetching segment 608000 out of 1581347
Prefetching segment 609000 out of 1581347
Prefetching segment 610000 out of 1581347
Prefetching segment 611000 out of 1581347
Prefetching segment 612000 out of 1581347
Prefetching segment 613000 out of 1581347
Prefetching segment 614000 out of 1581347
Prefetching segment 615000 out of 1581347
Prefetching segment 616000 out of 1581347
Prefetching segment 617000 out of 1581347
Prefetching segment 618000 out of 1581347
Prefetching segment 619000 out of 1581347
Prefetching segment 620000 out of 1581347
Prefetching segment 621000 out of 1581347
Prefetching segment 622000 out of 1581347
Prefetching segment 623000 out of 1581347
Prefetching segment 624000 out of 1581347
Prefetching segment 625000 out of 1581347
Prefetching segment 626000 out of 1581347
Prefetching segment 627000 out of 1581347
Prefetching segment 628000 out of 1581347
Prefetching segment 629000 out of 1581347
Prefetching segment 630000 out of 1581347
Prefetching segment 631000 out of 1581347
Prefetching segment 632000 out of 1581347
Prefetching segment 633000 out of 1581347
Prefetching segment 634000 out of 1581347
Prefetching segment 635000 out of 1581347
Prefetching segment 636000 out of 1581347
Prefetching segment 637000 out of 1581347
Prefetching segment 638000 out of 1581347
Prefetching segment 639000 out of 1581347
Prefetching segment 640000 out of 1581347
Prefetching segment 641000 out of 1581347
Prefetching segment 642000 out of 1581347
Prefetching segment 643000 out of 1581347
Prefetching segment 644000 out of 1581347
Prefetching segment 645000 out of 1581347
Prefetching segment 646000 out of 1581347
Prefetching segment 647000 out of 1581347
Prefetching segment 648000 out of 1581347
Prefetching segment 649000 out of 1581347
Prefetching segment 650000 out of 1581347
Prefetching segment 651000 out of 1581347
Prefetching segment 652000 out of 1581347
Prefetching segment 653000 out of 1581347
Prefetching segment 654000 out of 1581347
Prefetching segment 655000 out of 1581347
Prefetching segment 656000 out of 1581347
Prefetching segment 657000 out of 1581347
Prefetching segment 658000 out of 1581347
Prefetching segment 659000 out of 1581347
Prefetching segment 660000 out of 1581347
Prefetching segment 661000 out of 1581347
Prefetching segment 662000 out of 1581347
Prefetching segment 663000 out of 1581347
Prefetching segment 664000 out of 1581347
Prefetching segment 665000 out of 1581347
Prefetching segment 666000 out of 1581347
Prefetching segment 667000 out of 1581347
Prefetching segment 668000 out of 1581347
Prefetching segment 669000 out of 1581347
Prefetching segment 670000 out of 1581347
Prefetching segment 671000 out of 1581347
Prefetching segment 672000 out of 1581347
Prefetching segment 673000 out of 1581347
Prefetching segment 674000 out of 1581347
Prefetching segment 675000 out of 1581347
Prefetching segment 676000 out of 1581347
Prefetching segment 677000 out of 1581347
Prefetching segment 678000 out of 1581347
Prefetching segment 679000 out of 1581347
Prefetching segment 680000 out of 1581347
Prefetching segment 681000 out of 1581347
Prefetching segment 682000 out of 1581347
Prefetching segment 683000 out of 1581347
Prefetching segment 684000 out of 1581347
Prefetching segment 685000 out of 1581347
Prefetching segment 686000 out of 1581347
Prefetching segment 687000 out of 1581347
Prefetching segment 688000 out of 1581347
Prefetching segment 689000 out of 1581347
Prefetching segment 690000 out of 1581347
Prefetching segment 691000 out of 1581347
Prefetching segment 692000 out of 1581347
Prefetching segment 693000 out of 1581347
Prefetching segment 694000 out of 1581347
Prefetching segment 695000 out of 1581347
Prefetching segment 696000 out of 1581347
Prefetching segment 697000 out of 1581347
Prefetching segment 698000 out of 1581347
Prefetching segment 699000 out of 1581347
Prefetching segment 700000 out of 1581347
Prefetching segment 701000 out of 1581347
Prefetching segment 702000 out of 1581347
Prefetching segment 703000 out of 1581347
Prefetching segment 704000 out of 1581347
Prefetching segment 705000 out of 1581347
Prefetching segment 706000 out of 1581347
Prefetching segment 707000 out of 1581347
Prefetching segment 708000 out of 1581347
Prefetching segment 709000 out of 1581347
Prefetching segment 710000 out of 1581347
Prefetching segment 711000 out of 1581347
Prefetching segment 712000 out of 1581347
Prefetching segment 713000 out of 1581347
Prefetching segment 714000 out of 1581347
Prefetching segment 715000 out of 1581347
Prefetching segment 716000 out of 1581347
Prefetching segment 717000 out of 1581347
Prefetching segment 718000 out of 1581347
Prefetching segment 719000 out of 1581347
Prefetching segment 720000 out of 1581347
Prefetching segment 721000 out of 1581347
Prefetching segment 722000 out of 1581347
Prefetching segment 723000 out of 1581347
Prefetching segment 724000 out of 1581347
Prefetching segment 725000 out of 1581347
Prefetching segment 726000 out of 1581347
Prefetching segment 727000 out of 1581347
Prefetching segment 728000 out of 1581347
Prefetching segment 729000 out of 1581347
Prefetching segment 730000 out of 1581347
Prefetching segment 731000 out of 1581347
Prefetching segment 732000 out of 1581347
Prefetching segment 733000 out of 1581347
Prefetching segment 734000 out of 1581347
Prefetching segment 735000 out of 1581347
Prefetching segment 736000 out of 1581347
Prefetching segment 737000 out of 1581347
Prefetching segment 738000 out of 1581347
Prefetching segment 739000 out of 1581347
Prefetching segment 740000 out of 1581347
Prefetching segment 741000 out of 1581347
Prefetching segment 742000 out of 1581347
Prefetching segment 743000 out of 1581347
Prefetching segment 744000 out of 1581347
Prefetching segment 745000 out of 1581347
Prefetching segment 746000 out of 1581347
Prefetching segment 747000 out of 1581347
Prefetching segment 748000 out of 1581347
Prefetching segment 749000 out of 1581347
Prefetching segment 750000 out of 1581347
Prefetching segment 751000 out of 1581347
Prefetching segment 752000 out of 1581347
Prefetching segment 753000 out of 1581347
Prefetching segment 754000 out of 1581347
Prefetching segment 755000 out of 1581347
Prefetching segment 756000 out of 1581347
Prefetching segment 757000 out of 1581347
Prefetching segment 758000 out of 1581347
Prefetching segment 759000 out of 1581347
Prefetching segment 760000 out of 1581347
Prefetching segment 761000 out of 1581347
Prefetching segment 762000 out of 1581347
Prefetching segment 763000 out of 1581347
Prefetching segment 764000 out of 1581347
Prefetching segment 765000 out of 1581347
Prefetching segment 766000 out of 1581347
Prefetching segment 767000 out of 1581347
Prefetching segment 768000 out of 1581347
Prefetching segment 769000 out of 1581347
Prefetching segment 770000 out of 1581347
Prefetching segment 771000 out of 1581347
Prefetching segment 772000 out of 1581347
Prefetching segment 773000 out of 1581347
Prefetching segment 774000 out of 1581347
Prefetching segment 775000 out of 1581347
Prefetching segment 776000 out of 1581347
Prefetching segment 777000 out of 1581347
Prefetching segment 778000 out of 1581347
Prefetching segment 779000 out of 1581347
Prefetching segment 780000 out of 1581347
Prefetching segment 781000 out of 1581347
Prefetching segment 782000 out of 1581347
Prefetching segment 783000 out of 1581347
Prefetching segment 784000 out of 1581347
Prefetching segment 785000 out of 1581347
Prefetching segment 786000 out of 1581347
Prefetching segment 787000 out of 1581347
Prefetching segment 788000 out of 1581347
Prefetching segment 789000 out of 1581347
Prefetching segment 790000 out of 1581347
Prefetching segment 791000 out of 1581347
Prefetching segment 792000 out of 1581347
Prefetching segment 793000 out of 1581347
Prefetching segment 794000 out of 1581347
Prefetching segment 795000 out of 1581347
Prefetching segment 796000 out of 1581347
Prefetching segment 797000 out of 1581347
Prefetching segment 798000 out of 1581347
Prefetching segment 799000 out of 1581347
Prefetching segment 800000 out of 1581347
Prefetching segment 801000 out of 1581347
Prefetching segment 802000 out of 1581347
Prefetching segment 803000 out of 1581347
Prefetching segment 804000 out of 1581347
Prefetching segment 805000 out of 1581347
Prefetching segment 806000 out of 1581347
Prefetching segment 807000 out of 1581347
Prefetching segment 808000 out of 1581347
Prefetching segment 809000 out of 1581347
Prefetching segment 810000 out of 1581347
Prefetching segment 811000 out of 1581347
Prefetching segment 812000 out of 1581347
Prefetching segment 813000 out of 1581347
Prefetching segment 814000 out of 1581347
Prefetching segment 815000 out of 1581347
Prefetching segment 816000 out of 1581347
Prefetching segment 817000 out of 1581347
Prefetching segment 818000 out of 1581347
Prefetching segment 819000 out of 1581347
Prefetching segment 820000 out of 1581347
Prefetching segment 821000 out of 1581347
Prefetching segment 822000 out of 1581347
Prefetching segment 823000 out of 1581347
Prefetching segment 824000 out of 1581347
Prefetching segment 825000 out of 1581347
Prefetching segment 826000 out of 1581347
Prefetching segment 827000 out of 1581347
Prefetching segment 828000 out of 1581347
Prefetching segment 829000 out of 1581347
Prefetching segment 830000 out of 1581347
Prefetching segment 831000 out of 1581347
Prefetching segment 832000 out of 1581347
Prefetching segment 833000 out of 1581347
Prefetching segment 834000 out of 1581347
Prefetching segment 835000 out of 1581347
Prefetching segment 836000 out of 1581347
Prefetching segment 837000 out of 1581347
Prefetching segment 838000 out of 1581347
Prefetching segment 839000 out of 1581347
Prefetching segment 840000 out of 1581347
Prefetching segment 841000 out of 1581347
Prefetching segment 842000 out of 1581347
Prefetching segment 843000 out of 1581347
Prefetching segment 844000 out of 1581347
Prefetching segment 845000 out of 1581347
Prefetching segment 846000 out of 1581347
Prefetching segment 847000 out of 1581347
Prefetching segment 848000 out of 1581347
Prefetching segment 849000 out of 1581347
Prefetching segment 850000 out of 1581347
Prefetching segment 851000 out of 1581347
Prefetching segment 852000 out of 1581347
Prefetching segment 853000 out of 1581347
Prefetching segment 854000 out of 1581347
Prefetching segment 855000 out of 1581347
Prefetching segment 856000 out of 1581347
Prefetching segment 857000 out of 1581347
Prefetching segment 858000 out of 1581347
Prefetching segment 859000 out of 1581347
Prefetching segment 860000 out of 1581347
Prefetching segment 861000 out of 1581347
Prefetching segment 862000 out of 1581347
Prefetching segment 863000 out of 1581347
Prefetching segment 864000 out of 1581347
Prefetching segment 865000 out of 1581347
Prefetching segment 866000 out of 1581347
Prefetching segment 867000 out of 1581347
Prefetching segment 868000 out of 1581347
Prefetching segment 869000 out of 1581347
Prefetching segment 870000 out of 1581347
Prefetching segment 871000 out of 1581347
Prefetching segment 872000 out of 1581347
Prefetching segment 873000 out of 1581347
Prefetching segment 874000 out of 1581347
Prefetching segment 875000 out of 1581347
Prefetching segment 876000 out of 1581347
Prefetching segment 877000 out of 1581347
Prefetching segment 878000 out of 1581347
Prefetching segment 879000 out of 1581347
Prefetching segment 880000 out of 1581347
Prefetching segment 881000 out of 1581347
Prefetching segment 882000 out of 1581347
Prefetching segment 883000 out of 1581347
Prefetching segment 884000 out of 1581347
Prefetching segment 885000 out of 1581347
Prefetching segment 886000 out of 1581347
Prefetching segment 887000 out of 1581347
Prefetching segment 888000 out of 1581347
Prefetching segment 889000 out of 1581347
Prefetching segment 890000 out of 1581347
Prefetching segment 891000 out of 1581347
Prefetching segment 892000 out of 1581347
Prefetching segment 893000 out of 1581347
Prefetching segment 894000 out of 1581347
Prefetching segment 895000 out of 1581347
Prefetching segment 896000 out of 1581347
Prefetching segment 897000 out of 1581347
Prefetching segment 898000 out of 1581347
Prefetching segment 899000 out of 1581347
Prefetching segment 900000 out of 1581347
Prefetching segment 901000 out of 1581347
Prefetching segment 902000 out of 1581347
Prefetching segment 903000 out of 1581347
Prefetching segment 904000 out of 1581347
Prefetching segment 905000 out of 1581347
Prefetching segment 906000 out of 1581347
Prefetching segment 907000 out of 1581347
Prefetching segment 908000 out of 1581347
Prefetching segment 909000 out of 1581347
Prefetching segment 910000 out of 1581347
Prefetching segment 911000 out of 1581347
Prefetching segment 912000 out of 1581347
Prefetching segment 913000 out of 1581347
Prefetching segment 914000 out of 1581347
Prefetching segment 915000 out of 1581347
Prefetching segment 916000 out of 1581347
Prefetching segment 917000 out of 1581347
Prefetching segment 918000 out of 1581347
Prefetching segment 919000 out of 1581347
Prefetching segment 920000 out of 1581347
Prefetching segment 921000 out of 1581347
Prefetching segment 922000 out of 1581347
Prefetching segment 923000 out of 1581347
Prefetching segment 924000 out of 1581347
Prefetching segment 925000 out of 1581347
Prefetching segment 926000 out of 1581347
Prefetching segment 927000 out of 1581347
Prefetching segment 928000 out of 1581347
Prefetching segment 929000 out of 1581347
Prefetching segment 930000 out of 1581347
Prefetching segment 931000 out of 1581347
Prefetching segment 932000 out of 1581347
Prefetching segment 933000 out of 1581347
Prefetching segment 934000 out of 1581347
Prefetching segment 935000 out of 1581347
Prefetching segment 936000 out of 1581347
Prefetching segment 937000 out of 1581347
Prefetching segment 938000 out of 1581347
Prefetching segment 939000 out of 1581347
Prefetching segment 940000 out of 1581347
Prefetching segment 941000 out of 1581347
Prefetching segment 942000 out of 1581347
Prefetching segment 943000 out of 1581347
Prefetching segment 944000 out of 1581347
Prefetching segment 945000 out of 1581347
Prefetching segment 946000 out of 1581347
Prefetching segment 947000 out of 1581347
Prefetching segment 948000 out of 1581347
Prefetching segment 949000 out of 1581347
Prefetching segment 950000 out of 1581347
Prefetching segment 951000 out of 1581347
Prefetching segment 952000 out of 1581347
Prefetching segment 953000 out of 1581347
Prefetching segment 954000 out of 1581347
Prefetching segment 955000 out of 1581347
Prefetching segment 956000 out of 1581347
Prefetching segment 957000 out of 1581347
Prefetching segment 958000 out of 1581347
Prefetching segment 959000 out of 1581347
Prefetching segment 960000 out of 1581347
Prefetching segment 961000 out of 1581347
Prefetching segment 962000 out of 1581347
Prefetching segment 963000 out of 1581347
Prefetching segment 964000 out of 1581347
Prefetching segment 965000 out of 1581347
Prefetching segment 966000 out of 1581347
Prefetching segment 967000 out of 1581347
Prefetching segment 968000 out of 1581347
Prefetching segment 969000 out of 1581347
Prefetching segment 970000 out of 1581347
Prefetching segment 971000 out of 1581347
Prefetching segment 972000 out of 1581347
Prefetching segment 973000 out of 1581347
Prefetching segment 974000 out of 1581347
Prefetching segment 975000 out of 1581347
Prefetching segment 976000 out of 1581347
Prefetching segment 977000 out of 1581347
Prefetching segment 978000 out of 1581347
Prefetching segment 979000 out of 1581347
Prefetching segment 980000 out of 1581347
Prefetching segment 981000 out of 1581347
Prefetching segment 982000 out of 1581347
Prefetching segment 983000 out of 1581347
Prefetching segment 984000 out of 1581347
Prefetching segment 985000 out of 1581347
Prefetching segment 986000 out of 1581347
Prefetching segment 987000 out of 1581347
Prefetching segment 988000 out of 1581347
Prefetching segment 989000 out of 1581347
Prefetching segment 990000 out of 1581347
Prefetching segment 991000 out of 1581347
Prefetching segment 992000 out of 1581347
Prefetching segment 993000 out of 1581347
Prefetching segment 994000 out of 1581347
Prefetching segment 995000 out of 1581347
Prefetching segment 996000 out of 1581347
Prefetching segment 997000 out of 1581347
Prefetching segment 998000 out of 1581347
Prefetching segment 999000 out of 1581347
Prefetching segment 1000000 out of 1581347
Prefetching segment 1001000 out of 1581347
Prefetching segment 1002000 out of 1581347
Prefetching segment 1003000 out of 1581347
Prefetching segment 1004000 out of 1581347
Prefetching segment 1005000 out of 1581347
Prefetching segment 1006000 out of 1581347
Prefetching segment 1007000 out of 1581347
Prefetching segment 1008000 out of 1581347
Prefetching segment 1009000 out of 1581347
Prefetching segment 1010000 out of 1581347
Prefetching segment 1011000 out of 1581347
Prefetching segment 1012000 out of 1581347
Prefetching segment 1013000 out of 1581347
Prefetching segment 1014000 out of 1581347
Prefetching segment 1015000 out of 1581347
Prefetching segment 1016000 out of 1581347
Prefetching segment 1017000 out of 1581347
Prefetching segment 1018000 out of 1581347
Prefetching segment 1019000 out of 1581347
Prefetching segment 1020000 out of 1581347
Prefetching segment 1021000 out of 1581347
Prefetching segment 1022000 out of 1581347
Prefetching segment 1023000 out of 1581347
Prefetching segment 1024000 out of 1581347
Prefetching segment 1025000 out of 1581347
Prefetching segment 1026000 out of 1581347
Prefetching segment 1027000 out of 1581347
Prefetching segment 1028000 out of 1581347
Prefetching segment 1029000 out of 1581347
Prefetching segment 1030000 out of 1581347
Prefetching segment 1031000 out of 1581347
Prefetching segment 1032000 out of 1581347
Prefetching segment 1033000 out of 1581347
Prefetching segment 1034000 out of 1581347
Prefetching segment 1035000 out of 1581347
Prefetching segment 1036000 out of 1581347
Prefetching segment 1037000 out of 1581347
Prefetching segment 1038000 out of 1581347
Prefetching segment 1039000 out of 1581347
Prefetching segment 1040000 out of 1581347
Prefetching segment 1041000 out of 1581347
Prefetching segment 1042000 out of 1581347
Prefetching segment 1043000 out of 1581347
Prefetching segment 1044000 out of 1581347
Prefetching segment 1045000 out of 1581347
Prefetching segment 1046000 out of 1581347
Prefetching segment 1047000 out of 1581347
Prefetching segment 1048000 out of 1581347
Prefetching segment 1049000 out of 1581347
Prefetching segment 1050000 out of 1581347
Prefetching segment 1051000 out of 1581347
Prefetching segment 1052000 out of 1581347
Prefetching segment 1053000 out of 1581347
Prefetching segment 1054000 out of 1581347
Prefetching segment 1055000 out of 1581347
Prefetching segment 1056000 out of 1581347
Prefetching segment 1057000 out of 1581347
Prefetching segment 1058000 out of 1581347
Prefetching segment 1059000 out of 1581347
Prefetching segment 1060000 out of 1581347
Prefetching segment 1061000 out of 1581347
Prefetching segment 1062000 out of 1581347
Prefetching segment 1063000 out of 1581347
Prefetching segment 1064000 out of 1581347
Prefetching segment 1065000 out of 1581347
Prefetching segment 1066000 out of 1581347
Prefetching segment 1067000 out of 1581347
Prefetching segment 1068000 out of 1581347
Prefetching segment 1069000 out of 1581347
Prefetching segment 1070000 out of 1581347
Prefetching segment 1071000 out of 1581347
Prefetching segment 1072000 out of 1581347
Prefetching segment 1073000 out of 1581347
Prefetching segment 1074000 out of 1581347
Prefetching segment 1075000 out of 1581347
Prefetching segment 1076000 out of 1581347
Prefetching segment 1077000 out of 1581347
Prefetching segment 1078000 out of 1581347
Prefetching segment 1079000 out of 1581347
Prefetching segment 1080000 out of 1581347
Prefetching segment 1081000 out of 1581347
Prefetching segment 1082000 out of 1581347
Prefetching segment 1083000 out of 1581347
Prefetching segment 1084000 out of 1581347
Prefetching segment 1085000 out of 1581347
Prefetching segment 1086000 out of 1581347
Prefetching segment 1087000 out of 1581347
Prefetching segment 1088000 out of 1581347
Prefetching segment 1089000 out of 1581347
Prefetching segment 1090000 out of 1581347
Prefetching segment 1091000 out of 1581347
Prefetching segment 1092000 out of 1581347
Prefetching segment 1093000 out of 1581347
Prefetching segment 1094000 out of 1581347
Prefetching segment 1095000 out of 1581347
Prefetching segment 1096000 out of 1581347
Prefetching segment 1097000 out of 1581347
Prefetching segment 1098000 out of 1581347
Prefetching segment 1099000 out of 1581347
Prefetching segment 1100000 out of 1581347
Prefetching segment 1101000 out of 1581347
Prefetching segment 1102000 out of 1581347
Prefetching segment 1103000 out of 1581347
Prefetching segment 1104000 out of 1581347
Prefetching segment 1105000 out of 1581347
Prefetching segment 1106000 out of 1581347
Prefetching segment 1107000 out of 1581347
Prefetching segment 1108000 out of 1581347
Prefetching segment 1109000 out of 1581347
Prefetching segment 1110000 out of 1581347
Prefetching segment 1111000 out of 1581347
Prefetching segment 1112000 out of 1581347
Prefetching segment 1113000 out of 1581347
Prefetching segment 1114000 out of 1581347
Prefetching segment 1115000 out of 1581347
Prefetching segment 1116000 out of 1581347
Prefetching segment 1117000 out of 1581347
Prefetching segment 1118000 out of 1581347
Prefetching segment 1119000 out of 1581347
Prefetching segment 1120000 out of 1581347
Prefetching segment 1121000 out of 1581347
Prefetching segment 1122000 out of 1581347
Prefetching segment 1123000 out of 1581347
Prefetching segment 1124000 out of 1581347
Prefetching segment 1125000 out of 1581347
Prefetching segment 1126000 out of 1581347
Prefetching segment 1127000 out of 1581347
Prefetching segment 1128000 out of 1581347
Prefetching segment 1129000 out of 1581347
Prefetching segment 1130000 out of 1581347
Prefetching segment 1131000 out of 1581347
Prefetching segment 1132000 out of 1581347
Prefetching segment 1133000 out of 1581347
Prefetching segment 1134000 out of 1581347
Prefetching segment 1135000 out of 1581347
Prefetching segment 1136000 out of 1581347
Prefetching segment 1137000 out of 1581347
Prefetching segment 1138000 out of 1581347
Prefetching segment 1139000 out of 1581347
Prefetching segment 1140000 out of 1581347
Prefetching segment 1141000 out of 1581347
Prefetching segment 1142000 out of 1581347
Prefetching segment 1143000 out of 1581347
Prefetching segment 1144000 out of 1581347
Prefetching segment 1145000 out of 1581347
Prefetching segment 1146000 out of 1581347
Prefetching segment 1147000 out of 1581347
Prefetching segment 1148000 out of 1581347
Prefetching segment 1149000 out of 1581347
Prefetching segment 1150000 out of 1581347
Prefetching segment 1151000 out of 1581347
Prefetching segment 1152000 out of 1581347
Prefetching segment 1153000 out of 1581347
Prefetching segment 1154000 out of 1581347
Prefetching segment 1155000 out of 1581347
Prefetching segment 1156000 out of 1581347
Prefetching segment 1157000 out of 1581347
Prefetching segment 1158000 out of 1581347
Prefetching segment 1159000 out of 1581347
Prefetching segment 1160000 out of 1581347
Prefetching segment 1161000 out of 1581347
Prefetching segment 1162000 out of 1581347
Prefetching segment 1163000 out of 1581347
Prefetching segment 1164000 out of 1581347
Prefetching segment 1165000 out of 1581347
Prefetching segment 1166000 out of 1581347
Prefetching segment 1167000 out of 1581347
Prefetching segment 1168000 out of 1581347
Prefetching segment 1169000 out of 1581347
Prefetching segment 1170000 out of 1581347
Prefetching segment 1171000 out of 1581347
Prefetching segment 1172000 out of 1581347
Prefetching segment 1173000 out of 1581347
Prefetching segment 1174000 out of 1581347
Prefetching segment 1175000 out of 1581347
Prefetching segment 1176000 out of 1581347
Prefetching segment 1177000 out of 1581347
Prefetching segment 1178000 out of 1581347
Prefetching segment 1179000 out of 1581347
Prefetching segment 1180000 out of 1581347
Prefetching segment 1181000 out of 1581347
Prefetching segment 1182000 out of 1581347
Prefetching segment 1183000 out of 1581347
Prefetching segment 1184000 out of 1581347
Prefetching segment 1185000 out of 1581347
Prefetching segment 1186000 out of 1581347
Prefetching segment 1187000 out of 1581347
Prefetching segment 1188000 out of 1581347
Prefetching segment 1189000 out of 1581347
Prefetching segment 1190000 out of 1581347
Prefetching segment 1191000 out of 1581347
Prefetching segment 1192000 out of 1581347
Prefetching segment 1193000 out of 1581347
Prefetching segment 1194000 out of 1581347
Prefetching segment 1195000 out of 1581347
Prefetching segment 1196000 out of 1581347
Prefetching segment 1197000 out of 1581347
Prefetching segment 1198000 out of 1581347
Prefetching segment 1199000 out of 1581347
Prefetching segment 1200000 out of 1581347
Prefetching segment 1201000 out of 1581347
Prefetching segment 1202000 out of 1581347
Prefetching segment 1203000 out of 1581347
Prefetching segment 1204000 out of 1581347
Prefetching segment 1205000 out of 1581347
Prefetching segment 1206000 out of 1581347
Prefetching segment 1207000 out of 1581347
Prefetching segment 1208000 out of 1581347
Prefetching segment 1209000 out of 1581347
Prefetching segment 1210000 out of 1581347
Prefetching segment 1211000 out of 1581347
Prefetching segment 1212000 out of 1581347
Prefetching segment 1213000 out of 1581347
Prefetching segment 1214000 out of 1581347
Prefetching segment 1215000 out of 1581347
Prefetching segment 1216000 out of 1581347
Prefetching segment 1217000 out of 1581347
Prefetching segment 1218000 out of 1581347
Prefetching segment 1219000 out of 1581347
Prefetching segment 1220000 out of 1581347
Prefetching segment 1221000 out of 1581347
Prefetching segment 1222000 out of 1581347
Prefetching segment 1223000 out of 1581347
Prefetching segment 1224000 out of 1581347
Prefetching segment 1225000 out of 1581347
Prefetching segment 1226000 out of 1581347
Prefetching segment 1227000 out of 1581347
Prefetching segment 1228000 out of 1581347
Prefetching segment 1229000 out of 1581347
Prefetching segment 1230000 out of 1581347
Prefetching segment 1231000 out of 1581347
Prefetching segment 1232000 out of 1581347
Prefetching segment 1233000 out of 1581347
Prefetching segment 1234000 out of 1581347
Prefetching segment 1235000 out of 1581347
Prefetching segment 1236000 out of 1581347
Prefetching segment 1237000 out of 1581347
Prefetching segment 1238000 out of 1581347
Prefetching segment 1239000 out of 1581347
Prefetching segment 1240000 out of 1581347
Prefetching segment 1241000 out of 1581347
Prefetching segment 1242000 out of 1581347
Prefetching segment 1243000 out of 1581347
Prefetching segment 1244000 out of 1581347
Prefetching segment 1245000 out of 1581347
Prefetching segment 1246000 out of 1581347
Prefetching segment 1247000 out of 1581347
Prefetching segment 1248000 out of 1581347
Prefetching segment 1249000 out of 1581347
Prefetching segment 1250000 out of 1581347
Prefetching segment 1251000 out of 1581347
Prefetching segment 1252000 out of 1581347
Prefetching segment 1253000 out of 1581347
Prefetching segment 1254000 out of 1581347
Prefetching segment 1255000 out of 1581347
Prefetching segment 1256000 out of 1581347
Prefetching segment 1257000 out of 1581347
Prefetching segment 1258000 out of 1581347
Prefetching segment 1259000 out of 1581347
Prefetching segment 1260000 out of 1581347
Prefetching segment 1261000 out of 1581347
Prefetching segment 1262000 out of 1581347
Prefetching segment 1263000 out of 1581347
Prefetching segment 1264000 out of 1581347
Prefetching segment 1265000 out of 1581347
Prefetching segment 1266000 out of 1581347
Prefetching segment 1267000 out of 1581347
Prefetching segment 1268000 out of 1581347
Prefetching segment 1269000 out of 1581347
Prefetching segment 1270000 out of 1581347
Prefetching segment 1271000 out of 1581347
Prefetching segment 1272000 out of 1581347
Prefetching segment 1273000 out of 1581347
Prefetching segment 1274000 out of 1581347
Prefetching segment 1275000 out of 1581347
Prefetching segment 1276000 out of 1581347
Prefetching segment 1277000 out of 1581347
Prefetching segment 1278000 out of 1581347
Prefetching segment 1279000 out of 1581347
Prefetching segment 1280000 out of 1581347
Prefetching segment 1281000 out of 1581347
Prefetching segment 1282000 out of 1581347
Prefetching segment 1283000 out of 1581347
Prefetching segment 1284000 out of 1581347
Prefetching segment 1285000 out of 1581347
Prefetching segment 1286000 out of 1581347
Prefetching segment 1287000 out of 1581347
Prefetching segment 1288000 out of 1581347
Prefetching segment 1289000 out of 1581347
Prefetching segment 1290000 out of 1581347
Prefetching segment 1291000 out of 1581347
Prefetching segment 1292000 out of 1581347
Prefetching segment 1293000 out of 1581347
Prefetching segment 1294000 out of 1581347
Prefetching segment 1295000 out of 1581347
Prefetching segment 1296000 out of 1581347
Prefetching segment 1297000 out of 1581347
Prefetching segment 1298000 out of 1581347
Prefetching segment 1299000 out of 1581347
Prefetching segment 1300000 out of 1581347
Prefetching segment 1301000 out of 1581347
Prefetching segment 1302000 out of 1581347
Prefetching segment 1303000 out of 1581347
Prefetching segment 1304000 out of 1581347
Prefetching segment 1305000 out of 1581347
Prefetching segment 1306000 out of 1581347
Prefetching segment 1307000 out of 1581347
Prefetching segment 1308000 out of 1581347
Prefetching segment 1309000 out of 1581347
Prefetching segment 1310000 out of 1581347
Prefetching segment 1311000 out of 1581347
Prefetching segment 1312000 out of 1581347
Prefetching segment 1313000 out of 1581347
Prefetching segment 1314000 out of 1581347
Prefetching segment 1315000 out of 1581347
Prefetching segment 1316000 out of 1581347
Prefetching segment 1317000 out of 1581347
Prefetching segment 1318000 out of 1581347
Prefetching segment 1319000 out of 1581347
Prefetching segment 1320000 out of 1581347
Prefetching segment 1321000 out of 1581347
Prefetching segment 1322000 out of 1581347
Prefetching segment 1323000 out of 1581347
Prefetching segment 1324000 out of 1581347
Prefetching segment 1325000 out of 1581347
Prefetching segment 1326000 out of 1581347
Prefetching segment 1327000 out of 1581347
Prefetching segment 1328000 out of 1581347
Prefetching segment 1329000 out of 1581347
Prefetching segment 1330000 out of 1581347
Prefetching segment 1331000 out of 1581347
Prefetching segment 1332000 out of 1581347
Prefetching segment 1333000 out of 1581347
Prefetching segment 1334000 out of 1581347
Prefetching segment 1335000 out of 1581347
Prefetching segment 1336000 out of 1581347
Prefetching segment 1337000 out of 1581347
Prefetching segment 1338000 out of 1581347
Prefetching segment 1339000 out of 1581347
Prefetching segment 1340000 out of 1581347
Prefetching segment 1341000 out of 1581347
Prefetching segment 1342000 out of 1581347
Prefetching segment 1343000 out of 1581347
Prefetching segment 1344000 out of 1581347
Prefetching segment 1345000 out of 1581347
Prefetching segment 1346000 out of 1581347
Prefetching segment 1347000 out of 1581347
Prefetching segment 1348000 out of 1581347
Prefetching segment 1349000 out of 1581347
Prefetching segment 1350000 out of 1581347
Prefetching segment 1351000 out of 1581347
Prefetching segment 1352000 out of 1581347
Prefetching segment 1353000 out of 1581347
Prefetching segment 1354000 out of 1581347
Prefetching segment 1355000 out of 1581347
Prefetching segment 1356000 out of 1581347
Prefetching segment 1357000 out of 1581347
Prefetching segment 1358000 out of 1581347
Prefetching segment 1359000 out of 1581347
Prefetching segment 1360000 out of 1581347
Prefetching segment 1361000 out of 1581347
Prefetching segment 1362000 out of 1581347
Prefetching segment 1363000 out of 1581347
Prefetching segment 1364000 out of 1581347
Prefetching segment 1365000 out of 1581347
Prefetching segment 1366000 out of 1581347
Prefetching segment 1367000 out of 1581347
Prefetching segment 1368000 out of 1581347
Prefetching segment 1369000 out of 1581347
Prefetching segment 1370000 out of 1581347
Prefetching segment 1371000 out of 1581347
Prefetching segment 1372000 out of 1581347
Prefetching segment 1373000 out of 1581347
Prefetching segment 1374000 out of 1581347
Prefetching segment 1375000 out of 1581347
Prefetching segment 1376000 out of 1581347
Prefetching segment 1377000 out of 1581347
Prefetching segment 1378000 out of 1581347
Prefetching segment 1379000 out of 1581347
Prefetching segment 1380000 out of 1581347
Prefetching segment 1381000 out of 1581347
Prefetching segment 1382000 out of 1581347
Prefetching segment 1383000 out of 1581347
Prefetching segment 1384000 out of 1581347
Prefetching segment 1385000 out of 1581347
Prefetching segment 1386000 out of 1581347
Prefetching segment 1387000 out of 1581347
Prefetching segment 1388000 out of 1581347
Prefetching segment 1389000 out of 1581347
Prefetching segment 1390000 out of 1581347
Prefetching segment 1391000 out of 1581347
Prefetching segment 1392000 out of 1581347
Prefetching segment 1393000 out of 1581347
Prefetching segment 1394000 out of 1581347
Prefetching segment 1395000 out of 1581347
Prefetching segment 1396000 out of 1581347
Prefetching segment 1397000 out of 1581347
Prefetching segment 1398000 out of 1581347
Prefetching segment 1399000 out of 1581347
Prefetching segment 1400000 out of 1581347
Prefetching segment 1401000 out of 1581347
Prefetching segment 1402000 out of 1581347
Prefetching segment 1403000 out of 1581347
Prefetching segment 1404000 out of 1581347
Prefetching segment 1405000 out of 1581347
Prefetching segment 1406000 out of 1581347
Prefetching segment 1407000 out of 1581347
Prefetching segment 1408000 out of 1581347
Prefetching segment 1409000 out of 1581347
Prefetching segment 1410000 out of 1581347
Prefetching segment 1411000 out of 1581347
Prefetching segment 1412000 out of 1581347
Prefetching segment 1413000 out of 1581347
Prefetching segment 1414000 out of 1581347
Prefetching segment 1415000 out of 1581347
Prefetching segment 1416000 out of 1581347
Prefetching segment 1417000 out of 1581347
Prefetching segment 1418000 out of 1581347
Prefetching segment 1419000 out of 1581347
Prefetching segment 1420000 out of 1581347
Prefetching segment 1421000 out of 1581347
Prefetching segment 1422000 out of 1581347
Prefetching segment 1423000 out of 1581347
Prefetching segment 1424000 out of 1581347
Prefetching segment 1425000 out of 1581347
Prefetching segment 1426000 out of 1581347
Prefetching segment 1427000 out of 1581347
Prefetching segment 1428000 out of 1581347
Prefetching segment 1429000 out of 1581347
Prefetching segment 1430000 out of 1581347
Prefetching segment 1431000 out of 1581347
Prefetching segment 1432000 out of 1581347
Prefetching segment 1433000 out of 1581347
Prefetching segment 1434000 out of 1581347
Prefetching segment 1435000 out of 1581347
Prefetching segment 1436000 out of 1581347
Prefetching segment 1437000 out of 1581347
Prefetching segment 1438000 out of 1581347
Prefetching segment 1439000 out of 1581347
Prefetching segment 1440000 out of 1581347
Prefetching segment 1441000 out of 1581347
Prefetching segment 1442000 out of 1581347
Prefetching segment 1443000 out of 1581347
Prefetching segment 1444000 out of 1581347
Prefetching segment 1445000 out of 1581347
Prefetching segment 1446000 out of 1581347
Prefetching segment 1447000 out of 1581347
Prefetching segment 1448000 out of 1581347
Prefetching segment 1449000 out of 1581347
Prefetching segment 1450000 out of 1581347
Prefetching segment 1451000 out of 1581347
Prefetching segment 1452000 out of 1581347
Prefetching segment 1453000 out of 1581347
Prefetching segment 1454000 out of 1581347
Prefetching segment 1455000 out of 1581347
Prefetching segment 1456000 out of 1581347
Prefetching segment 1457000 out of 1581347
Prefetching segment 1458000 out of 1581347
Prefetching segment 1459000 out of 1581347
Prefetching segment 1460000 out of 1581347
Prefetching segment 1461000 out of 1581347
Prefetching segment 1462000 out of 1581347
Prefetching segment 1463000 out of 1581347
Prefetching segment 1464000 out of 1581347
Prefetching segment 1465000 out of 1581347
Prefetching segment 1466000 out of 1581347
Prefetching segment 1467000 out of 1581347
Prefetching segment 1468000 out of 1581347
Prefetching segment 1469000 out of 1581347
Prefetching segment 1470000 out of 1581347
Prefetching segment 1471000 out of 1581347
Prefetching segment 1472000 out of 1581347
Prefetching segment 1473000 out of 1581347
Prefetching segment 1474000 out of 1581347
Prefetching segment 1475000 out of 1581347
Prefetching segment 1476000 out of 1581347
Prefetching segment 1477000 out of 1581347
Prefetching segment 1478000 out of 1581347
Prefetching segment 1479000 out of 1581347
Prefetching segment 1480000 out of 1581347
Prefetching segment 1481000 out of 1581347
Prefetching segment 1482000 out of 1581347
Prefetching segment 1483000 out of 1581347
Prefetching segment 1484000 out of 1581347
Prefetching segment 1485000 out of 1581347
Prefetching segment 1486000 out of 1581347
Prefetching segment 1487000 out of 1581347
Prefetching segment 1488000 out of 1581347
Prefetching segment 1489000 out of 1581347
Prefetching segment 1490000 out of 1581347
Prefetching segment 1491000 out of 1581347
Prefetching segment 1492000 out of 1581347
Prefetching segment 1493000 out of 1581347
Prefetching segment 1494000 out of 1581347
Prefetching segment 1495000 out of 1581347
Prefetching segment 1496000 out of 1581347
Prefetching segment 1497000 out of 1581347
Prefetching segment 1498000 out of 1581347
Prefetching segment 1499000 out of 1581347
Prefetching segment 1500000 out of 1581347
Prefetching segment 1501000 out of 1581347
Prefetching segment 1502000 out of 1581347
Prefetching segment 1503000 out of 1581347
Prefetching segment 1504000 out of 1581347
Prefetching segment 1505000 out of 1581347
Prefetching segment 1506000 out of 1581347
Prefetching segment 1507000 out of 1581347
Prefetching segment 1508000 out of 1581347
Prefetching segment 1509000 out of 1581347
Prefetching segment 1510000 out of 1581347
Prefetching segment 1511000 out of 1581347
Prefetching segment 1512000 out of 1581347
Prefetching segment 1513000 out of 1581347
Prefetching segment 1514000 out of 1581347
Prefetching segment 1515000 out of 1581347
Prefetching segment 1516000 out of 1581347
Prefetching segment 1517000 out of 1581347
Prefetching segment 1518000 out of 1581347
Prefetching segment 1519000 out of 1581347
Prefetching segment 1520000 out of 1581347
Prefetching segment 1521000 out of 1581347
Prefetching segment 1522000 out of 1581347
Prefetching segment 1523000 out of 1581347
Prefetching segment 1524000 out of 1581347
Prefetching segment 1525000 out of 1581347
Prefetching segment 1526000 out of 1581347
Prefetching segment 1527000 out of 1581347
Prefetching segment 1528000 out of 1581347
Prefetching segment 1529000 out of 1581347
Prefetching segment 1530000 out of 1581347
Prefetching segment 1531000 out of 1581347
Prefetching segment 1532000 out of 1581347
Prefetching segment 1533000 out of 1581347
Prefetching segment 1534000 out of 1581347
Prefetching segment 1535000 out of 1581347
Prefetching segment 1536000 out of 1581347
Prefetching segment 1537000 out of 1581347
Prefetching segment 1538000 out of 1581347
Prefetching segment 1539000 out of 1581347
Prefetching segment 1540000 out of 1581347
Prefetching segment 1541000 out of 1581347
Prefetching segment 1542000 out of 1581347
Prefetching segment 1543000 out of 1581347
Prefetching segment 1544000 out of 1581347
Prefetching segment 1545000 out of 1581347
Prefetching segment 1546000 out of 1581347
Prefetching segment 1547000 out of 1581347
Prefetching segment 1548000 out of 1581347
Prefetching segment 1549000 out of 1581347
Prefetching segment 1550000 out of 1581347
Prefetching segment 1551000 out of 1581347
Prefetching segment 1552000 out of 1581347
Prefetching segment 1553000 out of 1581347
Prefetching segment 1554000 out of 1581347
Prefetching segment 1555000 out of 1581347
Prefetching segment 1556000 out of 1581347
Prefetching segment 1557000 out of 1581347
Prefetching segment 1558000 out of 1581347
Prefetching segment 1559000 out of 1581347
Prefetching segment 1560000 out of 1581347
Prefetching segment 1561000 out of 1581347
Prefetching segment 1562000 out of 1581347
Prefetching segment 1563000 out of 1581347
Prefetching segment 1564000 out of 1581347
Prefetching segment 1565000 out of 1581347
Prefetching segment 1566000 out of 1581347
Prefetching segment 1567000 out of 1581347
Prefetching segment 1568000 out of 1581347
Prefetching segment 1569000 out of 1581347
Prefetching segment 1570000 out of 1581347
Prefetching segment 1571000 out of 1581347
Prefetching segment 1572000 out of 1581347
Prefetching segment 1573000 out of 1581347
Prefetching segment 1574000 out of 1581347
Prefetching segment 1575000 out of 1581347
Prefetching segment 1576000 out of 1581347
Prefetching segment 1577000 out of 1581347
Prefetching segment 1578000 out of 1581347
Prefetching segment 1579000 out of 1581347
Prefetching segment 1580000 out of 1581347
Prefetching segment 1581000 out of 1581347
Initialising validation dataset.
Trying to load segmentation from disk.
Succesfully loaded segmentation.
Starting prefetch of data from segmentation...
Prefetching segment 1000 out of 145972
Prefetching segment 2000 out of 145972
Prefetching segment 3000 out of 145972
Prefetching segment 4000 out of 145972
Prefetching segment 5000 out of 145972
Prefetching segment 6000 out of 145972
Prefetching segment 7000 out of 145972
Prefetching segment 8000 out of 145972
Prefetching segment 9000 out of 145972
Prefetching segment 10000 out of 145972
Prefetching segment 11000 out of 145972
Prefetching segment 12000 out of 145972
Prefetching segment 13000 out of 145972
Prefetching segment 14000 out of 145972
Prefetching segment 15000 out of 145972
Prefetching segment 16000 out of 145972
Prefetching segment 17000 out of 145972
Prefetching segment 18000 out of 145972
Prefetching segment 19000 out of 145972
Prefetching segment 20000 out of 145972
Prefetching segment 21000 out of 145972
Prefetching segment 22000 out of 145972
Prefetching segment 23000 out of 145972
Prefetching segment 24000 out of 145972
Prefetching segment 25000 out of 145972
Prefetching segment 26000 out of 145972
Prefetching segment 27000 out of 145972
Prefetching segment 28000 out of 145972
Prefetching segment 29000 out of 145972
Prefetching segment 30000 out of 145972
Prefetching segment 31000 out of 145972
Prefetching segment 32000 out of 145972
Prefetching segment 33000 out of 145972
Prefetching segment 34000 out of 145972
Prefetching segment 35000 out of 145972
Prefetching segment 36000 out of 145972
Prefetching segment 37000 out of 145972
Prefetching segment 38000 out of 145972
Prefetching segment 39000 out of 145972
Prefetching segment 40000 out of 145972
Prefetching segment 41000 out of 145972
Prefetching segment 42000 out of 145972
Prefetching segment 43000 out of 145972
Prefetching segment 44000 out of 145972
Prefetching segment 45000 out of 145972
Prefetching segment 46000 out of 145972
Prefetching segment 47000 out of 145972
Prefetching segment 48000 out of 145972
Prefetching segment 49000 out of 145972
Prefetching segment 50000 out of 145972
Prefetching segment 51000 out of 145972
Prefetching segment 52000 out of 145972
Prefetching segment 53000 out of 145972
Prefetching segment 54000 out of 145972
Prefetching segment 55000 out of 145972
Prefetching segment 56000 out of 145972
Prefetching segment 57000 out of 145972
Prefetching segment 58000 out of 145972
Prefetching segment 59000 out of 145972
Prefetching segment 60000 out of 145972
Prefetching segment 61000 out of 145972
Prefetching segment 62000 out of 145972
Prefetching segment 63000 out of 145972
Prefetching segment 64000 out of 145972
Prefetching segment 65000 out of 145972
Prefetching segment 66000 out of 145972
Prefetching segment 67000 out of 145972
Prefetching segment 68000 out of 145972
Prefetching segment 69000 out of 145972
Prefetching segment 70000 out of 145972
Prefetching segment 71000 out of 145972
Prefetching segment 72000 out of 145972
Prefetching segment 73000 out of 145972
Prefetching segment 74000 out of 145972
Prefetching segment 75000 out of 145972
Prefetching segment 76000 out of 145972
Prefetching segment 77000 out of 145972
Prefetching segment 78000 out of 145972
Prefetching segment 79000 out of 145972
Prefetching segment 80000 out of 145972
Prefetching segment 81000 out of 145972
Prefetching segment 82000 out of 145972
Prefetching segment 83000 out of 145972
Prefetching segment 84000 out of 145972
Prefetching segment 85000 out of 145972
Prefetching segment 86000 out of 145972
Prefetching segment 87000 out of 145972
Prefetching segment 88000 out of 145972
Prefetching segment 89000 out of 145972
Prefetching segment 90000 out of 145972
Prefetching segment 91000 out of 145972
Prefetching segment 92000 out of 145972
Prefetching segment 93000 out of 145972
Prefetching segment 94000 out of 145972
Prefetching segment 95000 out of 145972
Prefetching segment 96000 out of 145972
Prefetching segment 97000 out of 145972
Prefetching segment 98000 out of 145972
Prefetching segment 99000 out of 145972
Prefetching segment 100000 out of 145972
Prefetching segment 101000 out of 145972
Prefetching segment 102000 out of 145972
Prefetching segment 103000 out of 145972
Prefetching segment 104000 out of 145972
Prefetching segment 105000 out of 145972
Prefetching segment 106000 out of 145972
Prefetching segment 107000 out of 145972
Prefetching segment 108000 out of 145972
Prefetching segment 109000 out of 145972
Prefetching segment 110000 out of 145972
Prefetching segment 111000 out of 145972
Prefetching segment 112000 out of 145972
Prefetching segment 113000 out of 145972
Prefetching segment 114000 out of 145972
Prefetching segment 115000 out of 145972
Prefetching segment 116000 out of 145972
Prefetching segment 117000 out of 145972
Prefetching segment 118000 out of 145972
Prefetching segment 119000 out of 145972
Prefetching segment 120000 out of 145972
Prefetching segment 121000 out of 145972
Prefetching segment 122000 out of 145972
Prefetching segment 123000 out of 145972
Prefetching segment 124000 out of 145972
Prefetching segment 125000 out of 145972
Prefetching segment 126000 out of 145972
Prefetching segment 127000 out of 145972
Prefetching segment 128000 out of 145972
Prefetching segment 129000 out of 145972
Prefetching segment 130000 out of 145972
Prefetching segment 131000 out of 145972
Prefetching segment 132000 out of 145972
Prefetching segment 133000 out of 145972
Prefetching segment 134000 out of 145972
Prefetching segment 135000 out of 145972
Prefetching segment 136000 out of 145972
Prefetching segment 137000 out of 145972
Prefetching segment 138000 out of 145972
Prefetching segment 139000 out of 145972
Prefetching segment 140000 out of 145972
Prefetching segment 141000 out of 145972
Prefetching segment 142000 out of 145972
Prefetching segment 143000 out of 145972
Prefetching segment 144000 out of 145972
Prefetching segment 145000 out of 145972
Data loader initialization took 0:26:52.742018 .
BaselineCNN(
  (convblock): Sequential(
    (0): Conv2d(1, 20, kernel_size=(1, 11), stride=(1, 1), padding=same)
    (1): ELU(alpha=1.0)
    (2): Dropout(p=0.4, inplace=False)
    (3): BatchNorm2d(20, eps=1e-05, momentum=0.1, affine=True, track_running_stats=True)
    (4): Conv2d(20, 20, kernel_size=(17, 21), stride=(1, 1), padding=same)
    (5): ELU(alpha=1.0)
    (6): Dropout(p=0.4, inplace=False)
    (7): BatchNorm2d(20, eps=1e-05, momentum=0.1, affine=True, track_running_stats=True)
    (8): MaxPool2d(kernel_size=(1, 2), stride=(1, 2), padding=0, dilation=1, ceil_mode=False)
    (9): Conv2d(20, 40, kernel_size=(11, 21), stride=(1, 1), padding=same)
    (10): ELU(alpha=1.0)
    (11): Dropout(p=0.4, inplace=False)
    (12): BatchNorm2d(40, eps=1e-05, momentum=0.1, affine=True, track_running_stats=True)
    (13): MaxPool2d(kernel_size=(1, 2), stride=(1, 2), padding=0, dilation=1, ceil_mode=False)
    (14): Conv2d(40, 80, kernel_size=(11, 11), stride=(1, 1), padding=same)
  )
  (dropout): Dropout(p=0.4, inplace=False)
  (GlobAvgPool): AvgPool2d(kernel_size=(18, 128), stride=(18, 128), padding=0)
  (fc): Linear(in_features=80, out_features=2, bias=True)
)
Epoch 1 out of 1
Training loss: tensor(0.5376)
Validation loss: tensor(0.4858)
Training model for 1 took 0:08:53.223700 .
